<?xml version="1.0" encoding="UTF-8"?>
<!-- Generated by org.testng.reporters.JUnitReportReporter -->
<testsuite hostname="Jhansis-MacBook-Pro.local" failures="0" tests="1" name="TestLogin.FourTest" time="0.004" errors="0" timestamp="2025-04-24T20:38:25 CDT" skipped="0">
  <testcase classname="TestLogin.FourTest" name="testfour" time="0.004"/>
</testsuite> <!-- TestLogin.FourTest -->
