<?xml version="1.0" encoding="UTF-8"?>
<!-- Generated by org.testng.reporters.JUnitReportReporter -->
<testsuite hostname="Jhansis-MacBook-Pro.local" failures="0" tests="2" name="TestLogin.Login" time="93.154" errors="0" timestamp="2025-04-24T20:38:25 CDT" skipped="0">
  <testcase classname="TestLogin.Login" name="login" time="15.637"/>
  <testcase classname="TestLogin.Login" name="login" time="77.517"/>
</testsuite> <!-- TestLogin.Login -->
