<?xml version="1.0" encoding="UTF-8"?>
<!-- Generated by org.testng.reporters.JUnitReportReporter -->
<testsuite hostname="Jhansis-MacBook-Pro.local" failures="0" tests="1" name="TestLogin.TwoTest" time="0.002" errors="0" timestamp="2025-04-24T20:38:25 CDT" skipped="0">
  <testcase classname="TestLogin.TwoTest" name="testtwo" time="0.002"/>
</testsuite> <!-- TestLogin.TwoTest -->
