<?xml version="1.0" encoding="UTF-8"?>
<!-- Generated by org.testng.reporters.JUnitReportReporter -->
<testsuite hostname="Jhansis-MacBook-Pro.local" failures="0" tests="1" name="TestLogin.ThreeTest" time="0.022" errors="0" timestamp="2025-04-24T20:38:25 CDT" skipped="0">
  <testcase classname="TestLogin.ThreeTest" name="testthree" time="0.022"/>
</testsuite> <!-- TestLogin.ThreeTest -->
